Determining if the pthread_create exist failed with the following output:
Change Dir: /home/rahul/Robotics Research Centre/Projects/IROS2017/proj_dir/IROS2017/multicpp/CMakeFiles/CMakeTmp

Run Build Command(s):/usr/bin/make cmTC_0ce70/fast 
/usr/bin/make -f CMakeFiles/cmTC_0ce70.dir/build.make CMakeFiles/cmTC_0ce70.dir/build
make[1]: Entering directory '/home/rahul/Robotics Research Centre/Projects/IROS2017/proj_dir/IROS2017/multicpp/CMakeFiles/CMakeTmp'
Building C object CMakeFiles/cmTC_0ce70.dir/CheckSymbolExists.c.o
/usr/bin/cc    -o CMakeFiles/cmTC_0ce70.dir/CheckSymbolExists.c.o   -c "/home/rahul/Robotics Research Centre/Projects/IROS2017/proj_dir/IROS2017/multicpp/CMakeFiles/CMakeTmp/CheckSymbolExists.c"
Linking C executable cmTC_0ce70
/home/rahul/Xilinxvivado2017.4/SDK/2017.4/tps/lnx64/cmake-3.3.2/bin/cmake -E cmake_link_script CMakeFiles/cmTC_0ce70.dir/link.txt --verbose=1
/usr/bin/cc      -rdynamic CMakeFiles/cmTC_0ce70.dir/CheckSymbolExists.c.o  -o cmTC_0ce70 
CMakeFiles/cmTC_0ce70.dir/CheckSymbolExists.c.o: In function `main':
CheckSymbolExists.c:(.text+0x16): undefined reference to `pthread_create'
collect2: error: ld returned 1 exit status
CMakeFiles/cmTC_0ce70.dir/build.make:86: recipe for target 'cmTC_0ce70' failed
make[1]: *** [cmTC_0ce70] Error 1
make[1]: Leaving directory '/home/rahul/Robotics Research Centre/Projects/IROS2017/proj_dir/IROS2017/multicpp/CMakeFiles/CMakeTmp'
Makefile:121: recipe for target 'cmTC_0ce70/fast' failed
make: *** [cmTC_0ce70/fast] Error 2

File /home/rahul/Robotics Research Centre/Projects/IROS2017/proj_dir/IROS2017/multicpp/CMakeFiles/CMakeTmp/CheckSymbolExists.c:
/* */
#include <pthread.h>

int main(int argc, char** argv)
{
  (void)argv;
#ifndef pthread_create
  return ((int*)(&pthread_create))[argc];
#else
  (void)argc;
  return 0;
#endif
}

Determining if the function pthread_create exists in the pthreads failed with the following output:
Change Dir: /home/rahul/Robotics Research Centre/Projects/IROS2017/proj_dir/IROS2017/multicpp/CMakeFiles/CMakeTmp

Run Build Command(s):/usr/bin/make cmTC_91933/fast 
/usr/bin/make -f CMakeFiles/cmTC_91933.dir/build.make CMakeFiles/cmTC_91933.dir/build
make[1]: Entering directory '/home/rahul/Robotics Research Centre/Projects/IROS2017/proj_dir/IROS2017/multicpp/CMakeFiles/CMakeTmp'
Building C object CMakeFiles/cmTC_91933.dir/CheckFunctionExists.c.o
/usr/bin/cc   -DCHECK_FUNCTION_EXISTS=pthread_create   -o CMakeFiles/cmTC_91933.dir/CheckFunctionExists.c.o   -c /home/rahul/Xilinxvivado2017.4/SDK/2017.4/tps/lnx64/cmake-3.3.2/share/cmake-3.14/Modules/CheckFunctionExists.c
Linking C executable cmTC_91933
/home/rahul/Xilinxvivado2017.4/SDK/2017.4/tps/lnx64/cmake-3.3.2/bin/cmake -E cmake_link_script CMakeFiles/cmTC_91933.dir/link.txt --verbose=1
/usr/bin/cc  -DCHECK_FUNCTION_EXISTS=pthread_create    -rdynamic CMakeFiles/cmTC_91933.dir/CheckFunctionExists.c.o  -o cmTC_91933 -lpthreads 
/usr/bin/ld: cannot find -lpthreads
collect2: error: ld returned 1 exit status
CMakeFiles/cmTC_91933.dir/build.make:86: recipe for target 'cmTC_91933' failed
make[1]: *** [cmTC_91933] Error 1
make[1]: Leaving directory '/home/rahul/Robotics Research Centre/Projects/IROS2017/proj_dir/IROS2017/multicpp/CMakeFiles/CMakeTmp'
Makefile:121: recipe for target 'cmTC_91933/fast' failed
make: *** [cmTC_91933/fast] Error 2


