Determining if the pthread_create exist failed with the following output:
Change Dir: /home/rahul/Robotics Research Centre/Projects/Project1/git2/git_dir/CMakeFiles/CMakeTmp

Run Build Command(s):/usr/bin/make cmTC_d4af8/fast 
/usr/bin/make -f CMakeFiles/cmTC_d4af8.dir/build.make CMakeFiles/cmTC_d4af8.dir/build
make[1]: Entering directory '/home/rahul/Robotics Research Centre/Projects/Project1/git2/git_dir/CMakeFiles/CMakeTmp'
Building C object CMakeFiles/cmTC_d4af8.dir/CheckSymbolExists.c.o
/usr/bin/cc    -o CMakeFiles/cmTC_d4af8.dir/CheckSymbolExists.c.o   -c "/home/rahul/Robotics Research Centre/Projects/Project1/git2/git_dir/CMakeFiles/CMakeTmp/CheckSymbolExists.c"
Linking C executable cmTC_d4af8
/home/rahul/Xilinxvivado2017.4/SDK/2017.4/tps/lnx64/cmake-3.3.2/bin/cmake -E cmake_link_script CMakeFiles/cmTC_d4af8.dir/link.txt --verbose=1
/usr/bin/cc      -rdynamic CMakeFiles/cmTC_d4af8.dir/CheckSymbolExists.c.o  -o cmTC_d4af8 
CMakeFiles/cmTC_d4af8.dir/CheckSymbolExists.c.o: In function `main':
CheckSymbolExists.c:(.text+0x16): undefined reference to `pthread_create'
collect2: error: ld returned 1 exit status
CMakeFiles/cmTC_d4af8.dir/build.make:86: recipe for target 'cmTC_d4af8' failed
make[1]: *** [cmTC_d4af8] Error 1
make[1]: Leaving directory '/home/rahul/Robotics Research Centre/Projects/Project1/git2/git_dir/CMakeFiles/CMakeTmp'
Makefile:121: recipe for target 'cmTC_d4af8/fast' failed
make: *** [cmTC_d4af8/fast] Error 2

File /home/rahul/Robotics Research Centre/Projects/Project1/git2/git_dir/CMakeFiles/CMakeTmp/CheckSymbolExists.c:
/* */
#include <pthread.h>

int main(int argc, char** argv)
{
  (void)argv;
#ifndef pthread_create
  return ((int*)(&pthread_create))[argc];
#else
  (void)argc;
  return 0;
#endif
}

Determining if the function pthread_create exists in the pthreads failed with the following output:
Change Dir: /home/rahul/Robotics Research Centre/Projects/Project1/git2/git_dir/CMakeFiles/CMakeTmp

Run Build Command(s):/usr/bin/make cmTC_21ca4/fast 
/usr/bin/make -f CMakeFiles/cmTC_21ca4.dir/build.make CMakeFiles/cmTC_21ca4.dir/build
make[1]: Entering directory '/home/rahul/Robotics Research Centre/Projects/Project1/git2/git_dir/CMakeFiles/CMakeTmp'
Building C object CMakeFiles/cmTC_21ca4.dir/CheckFunctionExists.c.o
/usr/bin/cc   -DCHECK_FUNCTION_EXISTS=pthread_create   -o CMakeFiles/cmTC_21ca4.dir/CheckFunctionExists.c.o   -c /home/rahul/Xilinxvivado2017.4/SDK/2017.4/tps/lnx64/cmake-3.3.2/share/cmake-3.14/Modules/CheckFunctionExists.c
Linking C executable cmTC_21ca4
/home/rahul/Xilinxvivado2017.4/SDK/2017.4/tps/lnx64/cmake-3.3.2/bin/cmake -E cmake_link_script CMakeFiles/cmTC_21ca4.dir/link.txt --verbose=1
/usr/bin/cc  -DCHECK_FUNCTION_EXISTS=pthread_create    -rdynamic CMakeFiles/cmTC_21ca4.dir/CheckFunctionExists.c.o  -o cmTC_21ca4 -lpthreads 
/usr/bin/ld: cannot find -lpthreads
collect2: error: ld returned 1 exit status
CMakeFiles/cmTC_21ca4.dir/build.make:86: recipe for target 'cmTC_21ca4' failed
make[1]: *** [cmTC_21ca4] Error 1
make[1]: Leaving directory '/home/rahul/Robotics Research Centre/Projects/Project1/git2/git_dir/CMakeFiles/CMakeTmp'
Makefile:121: recipe for target 'cmTC_21ca4/fast' failed
make: *** [cmTC_21ca4/fast] Error 2


Determining if the pthread_create exist failed with the following output:
Change Dir: /home/rahul/Robotics Research Centre/Projects/IROS2017/proj_dir/IROS2017/CMakeFiles/CMakeTmp

Run Build Command(s):/usr/bin/make cmTC_6cc5f/fast 
/usr/bin/make -f CMakeFiles/cmTC_6cc5f.dir/build.make CMakeFiles/cmTC_6cc5f.dir/build
make[1]: Entering directory '/home/rahul/Robotics Research Centre/Projects/IROS2017/proj_dir/IROS2017/CMakeFiles/CMakeTmp'
Building C object CMakeFiles/cmTC_6cc5f.dir/CheckSymbolExists.c.o
/usr/bin/cc    -o CMakeFiles/cmTC_6cc5f.dir/CheckSymbolExists.c.o   -c "/home/rahul/Robotics Research Centre/Projects/IROS2017/proj_dir/IROS2017/CMakeFiles/CMakeTmp/CheckSymbolExists.c"
Linking C executable cmTC_6cc5f
/home/rahul/Xilinxvivado2017.4/SDK/2017.4/tps/lnx64/cmake-3.3.2/bin/cmake -E cmake_link_script CMakeFiles/cmTC_6cc5f.dir/link.txt --verbose=1
/usr/bin/cc      -rdynamic CMakeFiles/cmTC_6cc5f.dir/CheckSymbolExists.c.o  -o cmTC_6cc5f 
CMakeFiles/cmTC_6cc5f.dir/CheckSymbolExists.c.o: In function `main':
CheckSymbolExists.c:(.text+0x16): undefined reference to `pthread_create'
collect2: error: ld returned 1 exit status
CMakeFiles/cmTC_6cc5f.dir/build.make:86: recipe for target 'cmTC_6cc5f' failed
make[1]: *** [cmTC_6cc5f] Error 1
make[1]: Leaving directory '/home/rahul/Robotics Research Centre/Projects/IROS2017/proj_dir/IROS2017/CMakeFiles/CMakeTmp'
Makefile:121: recipe for target 'cmTC_6cc5f/fast' failed
make: *** [cmTC_6cc5f/fast] Error 2

File /home/rahul/Robotics Research Centre/Projects/IROS2017/proj_dir/IROS2017/CMakeFiles/CMakeTmp/CheckSymbolExists.c:
/* */
#include <pthread.h>

int main(int argc, char** argv)
{
  (void)argv;
#ifndef pthread_create
  return ((int*)(&pthread_create))[argc];
#else
  (void)argc;
  return 0;
#endif
}

Determining if the function pthread_create exists in the pthreads failed with the following output:
Change Dir: /home/rahul/Robotics Research Centre/Projects/IROS2017/proj_dir/IROS2017/CMakeFiles/CMakeTmp

Run Build Command(s):/usr/bin/make cmTC_a7ab7/fast 
/usr/bin/make -f CMakeFiles/cmTC_a7ab7.dir/build.make CMakeFiles/cmTC_a7ab7.dir/build
make[1]: Entering directory '/home/rahul/Robotics Research Centre/Projects/IROS2017/proj_dir/IROS2017/CMakeFiles/CMakeTmp'
Building C object CMakeFiles/cmTC_a7ab7.dir/CheckFunctionExists.c.o
/usr/bin/cc   -DCHECK_FUNCTION_EXISTS=pthread_create   -o CMakeFiles/cmTC_a7ab7.dir/CheckFunctionExists.c.o   -c /home/rahul/Xilinxvivado2017.4/SDK/2017.4/tps/lnx64/cmake-3.3.2/share/cmake-3.14/Modules/CheckFunctionExists.c
Linking C executable cmTC_a7ab7
/home/rahul/Xilinxvivado2017.4/SDK/2017.4/tps/lnx64/cmake-3.3.2/bin/cmake -E cmake_link_script CMakeFiles/cmTC_a7ab7.dir/link.txt --verbose=1
/usr/bin/cc  -DCHECK_FUNCTION_EXISTS=pthread_create    -rdynamic CMakeFiles/cmTC_a7ab7.dir/CheckFunctionExists.c.o  -o cmTC_a7ab7 -lpthreads 
/usr/bin/ld: cannot find -lpthreads
collect2: error: ld returned 1 exit status
CMakeFiles/cmTC_a7ab7.dir/build.make:86: recipe for target 'cmTC_a7ab7' failed
make[1]: *** [cmTC_a7ab7] Error 1
make[1]: Leaving directory '/home/rahul/Robotics Research Centre/Projects/IROS2017/proj_dir/IROS2017/CMakeFiles/CMakeTmp'
Makefile:121: recipe for target 'cmTC_a7ab7/fast' failed
make: *** [cmTC_a7ab7/fast] Error 2


